<?xml version="1.0" encoding="UTF-8"?>
<coverage generated="1668480004272" clover="3.2.0">
  <project timestamp="1668480004272" name="All files">
    <metrics statements="18" coveredstatements="18" conditionals="10" coveredconditionals="10" methods="1" coveredmethods="1" elements="29" coveredelements="29" complexity="0" loc="18" ncloc="18" packages="1" files="1" classes="1"/>
    <file name="isPrime.js" path="/home/daniel/Documents/GitHub/interview-exercise/src/modules/isPrime.js">
      <metrics statements="18" coveredstatements="18" conditionals="10" coveredconditionals="10" methods="1" coveredmethods="1"/>
      <line num="1" count="1" type="stmt"/>
      <line num="2" count="1" type="stmt"/>
      <line num="3" count="1" type="stmt"/>
      <line num="4" count="1" type="stmt"/>
      <line num="5" count="1" type="stmt"/>
      <line num="6" count="1" type="stmt"/>
      <line num="7" count="1" type="cond" truecount="1" falsecount="0"/>
      <line num="8" count="48" type="stmt"/>
      <line num="9" count="48" type="cond" truecount="1" falsecount="0"/>
      <line num="10" count="46" type="cond" truecount="1" falsecount="0"/>
      <line num="11" count="48" type="cond" truecount="1" falsecount="0"/>
      <line num="12" count="1" type="stmt"/>
      <line num="13" count="48" type="cond" truecount="3" falsecount="0"/>
      <line num="14" count="41" type="stmt"/>
      <line num="15" count="1409" type="cond" truecount="2" falsecount="0"/>
      <line num="16" count="1409" type="stmt"/>
      <line num="17" count="29" type="cond" truecount="1" falsecount="0"/>
      <line num="18" count="29" type="stmt"/>
    </file>
  </project>
</coverage>
