{"/home/daniel/Documents/GitHub/interview-exercise/src/modules/isPrime.js": {"path":"/home/daniel/Documents/GitHub/interview-exercise/src/modules/isPrime.js","all":false,"statementMap":{"0":{"start":{"line":1,"column":0},"end":{"line":1,"column":3}},"1":{"start":{"line":2,"column":0},"end":{"line":2,"column":33}},"2":{"start":{"line":3,"column":0},"end":{"line":3,"column":2}},"3":{"start":{"line":4,"column":0},"end":{"line":4,"column":44}},"4":{"start":{"line":5,"column":0},"end":{"line":5,"column":66}},"5":{"start":{"line":6,"column":0},"end":{"line":6,"column":3}},"6":{"start":{"line":7,"column":0},"end":{"line":7,"column":36}},"7":{"start":{"line":8,"column":0},"end":{"line":8,"column":35}},"8":{"start":{"line":9,"column":0},"end":{"line":9,"column":63}},"9":{"start":{"line":10,"column":0},"end":{"line":10,"column":29}},"10":{"start":{"line":11,"column":0},"end":{"line":11,"column":63}},"11":{"start":{"line":12,"column":0},"end":{"line":12,"column":0}},"12":{"start":{"line":13,"column":0},"end":{"line":13,"column":93}},"13":{"start":{"line":14,"column":0},"end":{"line":14,"column":54}},"14":{"start":{"line":15,"column":0},"end":{"line":15,"column":47}},"15":{"start":{"line":16,"column":0},"end":{"line":16,"column":5}},"16":{"start":{"line":17,"column":0},"end":{"line":17,"column":16}},"17":{"start":{"line":18,"column":0},"end":{"line":18,"column":2}}},"s":{"0":1,"1":1,"2":1,"3":1,"4":1,"5":1,"6":1,"7":48,"8":48,"9":46,"10":48,"11":1,"12":48,"13":41,"14":1409,"15":1409,"16":29,"17":29},"branchMap":{"0":{"type":"branch","line":7,"loc":{"start":{"line":7,"column":24},"end":{"line":18,"column":2}},"locations":[{"start":{"line":7,"column":24},"end":{"line":18,"column":2}}]},"1":{"type":"branch","line":9,"loc":{"start":{"line":9,"column":9},"end":{"line":10,"column":2}},"locations":[{"start":{"line":9,"column":9},"end":{"line":10,"column":2}}]},"2":{"type":"branch","line":10,"loc":{"start":{"line":10,"column":0},"end":{"line":11,"column":9}},"locations":[{"start":{"line":10,"column":0},"end":{"line":11,"column":9}}]},"3":{"type":"branch","line":11,"loc":{"start":{"line":11,"column":9},"end":{"line":12,"column":0}},"locations":[{"start":{"line":11,"column":9},"end":{"line":12,"column":0}}]},"4":{"type":"branch","line":13,"loc":{"start":{"line":13,"column":-1},"end":{"line":13,"column":22}},"locations":[{"start":{"line":13,"column":-1},"end":{"line":13,"column":22}}]},"5":{"type":"branch","line":13,"loc":{"start":{"line":13,"column":22},"end":{"line":13,"column":35}},"locations":[{"start":{"line":13,"column":22},"end":{"line":13,"column":35}}]},"6":{"type":"branch","line":13,"loc":{"start":{"line":13,"column":35},"end":{"line":14,"column":54}},"locations":[{"start":{"line":13,"column":35},"end":{"line":14,"column":54}}]},"7":{"type":"branch","line":15,"loc":{"start":{"line":15,"column":-1},"end":{"line":17,"column":2}},"locations":[{"start":{"line":15,"column":-1},"end":{"line":17,"column":2}}]},"8":{"type":"branch","line":15,"loc":{"start":{"line":15,"column":35},"end":{"line":16,"column":2}},"locations":[{"start":{"line":15,"column":35},"end":{"line":16,"column":2}}]},"9":{"type":"branch","line":17,"loc":{"start":{"line":17,"column":0},"end":{"line":18,"column":2}},"locations":[{"start":{"line":17,"column":0},"end":{"line":18,"column":2}}]}},"b":{"0":[48],"1":[2],"2":[46],"3":[1],"4":[45],"5":[4],"6":[41],"7":[1409],"8":[12],"9":[29]},"fnMap":{"0":{"name":"isPrime","decl":{"start":{"line":7,"column":24},"end":{"line":18,"column":2}},"loc":{"start":{"line":7,"column":24},"end":{"line":18,"column":2}},"line":7}},"f":{"0":48}}
}
